<?xml version="1.0" encoding="UTF-8"?>
<!-- Generated by org.testng.reporters.JUnitXMLReporter -->
<testsuite ignored="2" hostname="Abishek" failures="0" tests="2" name="Test" time="0.155" errors="0" timestamp="2022-06-28T09:55:03 IST">
  <testcase classname="testNG.Class1" name="Day2" time="0.018"/>
  <testcase classname="testNG.Class2" name="Day3" time="0.004"/>
  <testcase classname="testNG.Class1" name="Day1" time="0.0">
    <ignored/>
  </testcase> <!-- Day1 -->
  <testcase classname="testNG.Class2" name="Day4" time="0.0">
    <ignored/>
  </testcase> <!-- Day4 -->
</testsuite> <!-- Test -->
